The system is: Windows - 10.0.19045 - AMD64
Compiling the C compiler identification source file "CMakeCCompilerId.c" succeeded.
Compiler:  
Build flags: 
Id flags:  

The output was:
0
MSBuild version 17.4.1+9a89d02ff for .NET Framework
Build started 2023-08-16 17:11:12.
Project "C:\Users\jonas\OneDrive\Documents\Code\C++\small_games\pacman\CMakeFiles\3.25.3\CompilerIdC\CompilerIdC.vcxproj" on node 1 (default targets).
PrepareForBuild:
  Creating directory "Debug\".
  Creating directory "Debug\CompilerIdC.tlog\".
InitializeBuildStatus:
  Creating "Debug\CompilerIdC.tlog\unsuccessfulbuild" because "AlwaysCreate" was specified.
ClCompile:
  C:\Program Files\Microsoft Visual Studio\2022\Community\VC\Tools\MSVC\14.34.31933\bin\HostX64\x64\CL.exe /c /nologo /W0 /WX- /diagnostics:column /Od /D _MBCS /Gm- /EHsc /RTC1 /MDd /GS /fp:precise /Zc:wchar_t /Zc:forScope /Zc:inline /Fo"Debug\\" /Fd"Debug\vc143.pdb" /external:W0 /Gd /TC /FC /errorReport:queue CMakeCCompilerId.c
  CMakeCCompilerId.c
Link:
  C:\Program Files\Microsoft Visual Studio\2022\Community\VC\Tools\MSVC\14.34.31933\bin\HostX64\x64\link.exe /ERRORREPORT:QUEUE /OUT:".\CompilerIdC.exe" /INCREMENTAL:NO /NOLOGO kernel32.lib user32.lib gdi32.lib winspool.lib comdlg32.lib advapi32.lib shell32.lib ole32.lib oleaut32.lib uuid.lib odbc32.lib odbccp32.lib /MANIFEST /MANIFESTUAC:"level='asInvoker' uiAccess='false'" /manifest:embed /PDB:".\CompilerIdC.pdb" /SUBSYSTEM:CONSOLE /TLBID:1 /DYNAMICBASE /NXCOMPAT /IMPLIB:".\CompilerIdC.lib" /MACHINE:X64 Debug\CMakeCCompilerId.obj
  CompilerIdC.vcxproj -> C:\Users\jonas\OneDrive\Documents\Code\C++\small_games\pacman\CMakeFiles\3.25.3\CompilerIdC\CompilerIdC.exe
PostBuildEvent:
  for %%i in (cl.exe) do @echo CMAKE_C_COMPILER=%%~$PATH:i
  :VCEnd
  CMAKE_C_COMPILER=C:\Program Files\Microsoft Visual Studio\2022\Community\VC\Tools\MSVC\14.34.31933\bin\Hostx64\x64\cl.exe
FinalizeBuildStatus:
  Deleting file "Debug\CompilerIdC.tlog\unsuccessfulbuild".
  Touching "Debug\CompilerIdC.tlog\CompilerIdC.lastbuildstate".
Done Building Project "C:\Users\jonas\OneDrive\Documents\Code\C++\small_games\pacman\CMakeFiles\3.25.3\CompilerIdC\CompilerIdC.vcxproj" (default targets).

Build succeeded.
    0 Warning(s)
    0 Error(s)

Time Elapsed 00:00:00.59


Compilation of the C compiler identification source "CMakeCCompilerId.c" produced "CompilerIdC.exe"

Compilation of the C compiler identification source "CMakeCCompilerId.c" produced "CompilerIdC.vcxproj"

The C compiler identification is MSVC, found in "C:/Users/jonas/OneDrive/Documents/Code/C++/small_games/pacman/CMakeFiles/3.25.3/CompilerIdC/CompilerIdC.exe"

Compiling the CXX compiler identification source file "CMakeCXXCompilerId.cpp" succeeded.
Compiler:  
Build flags: 
Id flags:  

The output was:
0
MSBuild version 17.4.1+9a89d02ff for .NET Framework
Build started 2023-08-16 17:11:13.
Project "C:\Users\jonas\OneDrive\Documents\Code\C++\small_games\pacman\CMakeFiles\3.25.3\CompilerIdCXX\CompilerIdCXX.vcxproj" on node 1 (default targets).
PrepareForBuild:
  Creating directory "Debug\".
  Creating directory "Debug\CompilerIdCXX.tlog\".
InitializeBuildStatus:
  Creating "Debug\CompilerIdCXX.tlog\unsuccessfulbuild" because "AlwaysCreate" was specified.
ClCompile:
  C:\Program Files\Microsoft Visual Studio\2022\Community\VC\Tools\MSVC\14.34.31933\bin\HostX64\x64\CL.exe /c /nologo /W0 /WX- /diagnostics:column /Od /D _MBCS /Gm- /EHsc /RTC1 /MDd /GS /fp:precise /Zc:wchar_t /Zc:forScope /Zc:inline /Fo"Debug\\" /Fd"Debug\vc143.pdb" /external:W0 /Gd /TP /FC /errorReport:queue CMakeCXXCompilerId.cpp
  CMakeCXXCompilerId.cpp
Link:
  C:\Program Files\Microsoft Visual Studio\2022\Community\VC\Tools\MSVC\14.34.31933\bin\HostX64\x64\link.exe /ERRORREPORT:QUEUE /OUT:".\CompilerIdCXX.exe" /INCREMENTAL:NO /NOLOGO kernel32.lib user32.lib gdi32.lib winspool.lib comdlg32.lib advapi32.lib shell32.lib ole32.lib oleaut32.lib uuid.lib odbc32.lib odbccp32.lib /MANIFEST /MANIFESTUAC:"level='asInvoker' uiAccess='false'" /manifest:embed /PDB:".\CompilerIdCXX.pdb" /SUBSYSTEM:CONSOLE /TLBID:1 /DYNAMICBASE /NXCOMPAT /IMPLIB:".\CompilerIdCXX.lib" /MACHINE:X64 Debug\CMakeCXXCompilerId.obj
  CompilerIdCXX.vcxproj -> C:\Users\jonas\OneDrive\Documents\Code\C++\small_games\pacman\CMakeFiles\3.25.3\CompilerIdCXX\CompilerIdCXX.exe
PostBuildEvent:
  for %%i in (cl.exe) do @echo CMAKE_CXX_COMPILER=%%~$PATH:i
  :VCEnd
  CMAKE_CXX_COMPILER=C:\Program Files\Microsoft Visual Studio\2022\Community\VC\Tools\MSVC\14.34.31933\bin\Hostx64\x64\cl.exe
FinalizeBuildStatus:
  Deleting file "Debug\CompilerIdCXX.tlog\unsuccessfulbuild".
  Touching "Debug\CompilerIdCXX.tlog\CompilerIdCXX.lastbuildstate".
Done Building Project "C:\Users\jonas\OneDrive\Documents\Code\C++\small_games\pacman\CMakeFiles\3.25.3\CompilerIdCXX\CompilerIdCXX.vcxproj" (default targets).

Build succeeded.
    0 Warning(s)
    0 Error(s)

Time Elapsed 00:00:00.47


Compilation of the CXX compiler identification source "CMakeCXXCompilerId.cpp" produced "CompilerIdCXX.exe"

Compilation of the CXX compiler identification source "CMakeCXXCompilerId.cpp" produced "CompilerIdCXX.vcxproj"

The CXX compiler identification is MSVC, found in "C:/Users/jonas/OneDrive/Documents/Code/C++/small_games/pacman/CMakeFiles/3.25.3/CompilerIdCXX/CompilerIdCXX.exe"

Detecting C compiler ABI info compiled with the following output:
Change Dir: C:/Users/jonas/OneDrive/Documents/Code/C++/small_games/pacman/CMakeFiles/CMakeScratch/TryCompile-26pblg

Run Build Command(s):C:/Program Files/Microsoft Visual Studio/2022/Community/MSBuild/Current/Bin/amd64/MSBuild.exe cmTC_e875f.vcxproj /p:Configuration=Debug /p:Platform=x64 /p:VisualStudioVersion=17.0 /v:m && MSBuild version 17.4.1+9a89d02ff for .NET Framework
  Microsoft (R) C/C++ Optimizing Compiler Version 19.34.31937 for x64
  CMakeCCompilerABI.c
  Copyright (C) Microsoft Corporation.  All rights reserved.
  cl /c /Zi /W3 /WX- /diagnostics:column /Od /Ob0 /D _MBCS /D WIN32 /D _WINDOWS /D "CMAKE_INTDIR=\"Debug\"" /Gm- /RTC1 /MDd /GS /fp:precise /Zc:wchar_t /Zc:forScope /Zc:inline /Fo"cmTC_e875f.dir\Debug\\" /Fd"cmTC_e875f.dir\Debug\vc143.pdb" /external:W3 /Gd /TC /errorReport:queue "C:\Program Files\CMake\share\cmake-3.25\Modules\CMakeCCompilerABI.c"
  cmTC_e875f.vcxproj -> C:\Users\jonas\OneDrive\Documents\Code\C++\small_games\pacman\CMakeFiles\CMakeScratch\TryCompile-26pblg\Debug\cmTC_e875f.exe



Detecting CXX compiler ABI info compiled with the following output:
Change Dir: C:/Users/jonas/OneDrive/Documents/Code/C++/small_games/pacman/CMakeFiles/CMakeScratch/TryCompile-24dzwi

Run Build Command(s):C:/Program Files/Microsoft Visual Studio/2022/Community/MSBuild/Current/Bin/amd64/MSBuild.exe cmTC_d3d63.vcxproj /p:Configuration=Debug /p:Platform=x64 /p:VisualStudioVersion=17.0 /v:m && MSBuild version 17.4.1+9a89d02ff for .NET Framework
  Microsoft (R) C/C++ Optimizing Compiler Version 19.34.31937 for x64
  CMakeCXXCompilerABI.cpp
  Copyright (C) Microsoft Corporation.  All rights reserved.
  cl /c /Zi /W3 /WX- /diagnostics:column /Od /Ob0 /D _MBCS /D WIN32 /D _WINDOWS /D "CMAKE_INTDIR=\"Debug\"" /Gm- /EHsc /RTC1 /MDd /GS /fp:precise /Zc:wchar_t /Zc:forScope /Zc:inline /GR /Fo"cmTC_d3d63.dir\Debug\\" /Fd"cmTC_d3d63.dir\Debug\vc143.pdb" /external:W3 /Gd /TP /errorReport:queue "C:\Program Files\CMake\share\cmake-3.25\Modules\CMakeCXXCompilerABI.cpp"
  cmTC_d3d63.vcxproj -> C:\Users\jonas\OneDrive\Documents\Code\C++\small_games\pacman\CMakeFiles\CMakeScratch\TryCompile-24dzwi\Debug\cmTC_d3d63.exe



The system is: Linux - 6.1.0-rpi7-rpi-2712 - aarch64
Compiling the C compiler identification source file "CMakeCCompilerId.c" succeeded.
Compiler: /usr/bin/cc 
Build flags: 
Id flags:  

The output was:
0


Compilation of the C compiler identification source "CMakeCCompilerId.c" produced "a.out"

The C compiler identification is Clang, found in "/home/jonas/Code2/C++/small_games/pacman/CMakeFiles/3.25.1/CompilerIdC/a.out"

Compiling the CXX compiler identification source file "CMakeCXXCompilerId.cpp" succeeded.
Compiler: /usr/bin/c++ 
Build flags: 
Id flags:  

The output was:
0


Compilation of the CXX compiler identification source "CMakeCXXCompilerId.cpp" produced "a.out"

The CXX compiler identification is Clang, found in "/home/jonas/Code2/C++/small_games/pacman/CMakeFiles/3.25.1/CompilerIdCXX/a.out"

Detecting C compiler ABI info compiled with the following output:
Change Dir: /home/jonas/Code2/C++/small_games/pacman/CMakeFiles/CMakeScratch/TryCompile-pbmE33

Run Build Command(s):/usr/bin/gmake -f Makefile cmTC_df34f/fast && /usr/bin/gmake  -f CMakeFiles/cmTC_df34f.dir/build.make CMakeFiles/cmTC_df34f.dir/build
gmake[1]: Entering directory '/home/jonas/Code2/C++/small_games/pacman/CMakeFiles/CMakeScratch/TryCompile-pbmE33'
Building C object CMakeFiles/cmTC_df34f.dir/CMakeCCompilerABI.c.o
/usr/bin/cc   -v -MD -MT CMakeFiles/cmTC_df34f.dir/CMakeCCompilerABI.c.o -MF CMakeFiles/cmTC_df34f.dir/CMakeCCompilerABI.c.o.d -o CMakeFiles/cmTC_df34f.dir/CMakeCCompilerABI.c.o -c /usr/share/cmake-3.25/Modules/CMakeCCompilerABI.c
Debian clang version 14.0.6
Target: aarch64-unknown-linux-gnu
Thread model: posix
InstalledDir: /usr/bin
Found candidate GCC installation: /usr/bin/../lib/gcc/aarch64-linux-gnu/12
Selected GCC installation: /usr/bin/../lib/gcc/aarch64-linux-gnu/12
Candidate multilib: .;@m64
Selected multilib: .;@m64
 (in-process)
 "/usr/lib/llvm-14/bin/clang" -cc1 -triple aarch64-unknown-linux-gnu -emit-obj -mrelax-all --mrelax-relocations -disable-free -clear-ast-before-backend -disable-llvm-verifier -discard-value-names -main-file-name CMakeCCompilerABI.c -mrelocation-model pic -pic-level 2 -pic-is-pie -mframe-pointer=non-leaf -fmath-errno -ffp-contract=on -fno-rounding-math -mconstructor-aliases -funwind-tables=2 -target-cpu generic -target-feature +neon -target-feature +v8a -target-abi aapcs -fallow-half-arguments-and-returns -mllvm -treat-scalable-fixed-error-as-warning -debugger-tuning=gdb -v -fcoverage-compilation-dir=/home/jonas/Code2/C++/small_games/pacman/CMakeFiles/CMakeScratch/TryCompile-pbmE33 -resource-dir /usr/lib/llvm-14/lib/clang/14.0.6 -dependency-file CMakeFiles/cmTC_df34f.dir/CMakeCCompilerABI.c.o.d -MT CMakeFiles/cmTC_df34f.dir/CMakeCCompilerABI.c.o -sys-header-deps -internal-isystem /usr/lib/llvm-14/lib/clang/14.0.6/include -internal-isystem /usr/local/include -internal-isystem /usr/bin/../lib/gcc/aarch64-linux-gnu/12/../../../../aarch64-linux-gnu/include -internal-externc-isystem /usr/include/aarch64-linux-gnu -internal-externc-isystem /include -internal-externc-isystem /usr/include -fdebug-compilation-dir=/home/jonas/Code2/C++/small_games/pacman/CMakeFiles/CMakeScratch/TryCompile-pbmE33 -ferror-limit 19 -fno-signed-char -fgnuc-version=4.2.1 -target-feature +outline-atomics -faddrsig -D__GCC_HAVE_DWARF2_CFI_ASM=1 -o CMakeFiles/cmTC_df34f.dir/CMakeCCompilerABI.c.o -x c /usr/share/cmake-3.25/Modules/CMakeCCompilerABI.c
clang -cc1 version 14.0.6 based upon LLVM 14.0.6 default target aarch64-unknown-linux-gnu
ignoring nonexistent directory "/usr/bin/../lib/gcc/aarch64-linux-gnu/12/../../../../aarch64-linux-gnu/include"
ignoring nonexistent directory "/include"
#include "..." search starts here:
#include <...> search starts here:
 /usr/lib/llvm-14/lib/clang/14.0.6/include
 /usr/local/include
 /usr/include/aarch64-linux-gnu
 /usr/include
End of search list.
Linking C executable cmTC_df34f
/usr/bin/cmake -E cmake_link_script CMakeFiles/cmTC_df34f.dir/link.txt --verbose=1
/usr/bin/cc  -v -rdynamic CMakeFiles/cmTC_df34f.dir/CMakeCCompilerABI.c.o -o cmTC_df34f 
Debian clang version 14.0.6
Target: aarch64-unknown-linux-gnu
Thread model: posix
InstalledDir: /usr/bin
Found candidate GCC installation: /usr/bin/../lib/gcc/aarch64-linux-gnu/12
Selected GCC installation: /usr/bin/../lib/gcc/aarch64-linux-gnu/12
Candidate multilib: .;@m64
Selected multilib: .;@m64
 "/usr/bin/ld" -pie -export-dynamic -EL --hash-style=both --build-id --eh-frame-hdr -m aarch64linux -export-dynamic -dynamic-linker /lib/ld-linux-aarch64.so.1 -o cmTC_df34f /lib/aarch64-linux-gnu/Scrt1.o /lib/aarch64-linux-gnu/crti.o /usr/bin/../lib/gcc/aarch64-linux-gnu/12/crtbeginS.o -L/usr/bin/../lib/gcc/aarch64-linux-gnu/12 -L/lib/aarch64-linux-gnu -L/usr/lib/aarch64-linux-gnu -L/lib -L/usr/lib CMakeFiles/cmTC_df34f.dir/CMakeCCompilerABI.c.o -lgcc --as-needed -lgcc_s --no-as-needed -lc -lgcc --as-needed -lgcc_s --no-as-needed /usr/bin/../lib/gcc/aarch64-linux-gnu/12/crtendS.o /lib/aarch64-linux-gnu/crtn.o
gmake[1]: Leaving directory '/home/jonas/Code2/C++/small_games/pacman/CMakeFiles/CMakeScratch/TryCompile-pbmE33'



Parsed C implicit include dir info from above output: rv=done
  found start of include info
  found start of implicit include info
    add: [/usr/lib/llvm-14/lib/clang/14.0.6/include]
    add: [/usr/local/include]
    add: [/usr/include/aarch64-linux-gnu]
    add: [/usr/include]
  end of search list found
  collapse include dir [/usr/lib/llvm-14/lib/clang/14.0.6/include] ==> [/usr/lib/llvm-14/lib/clang/14.0.6/include]
  collapse include dir [/usr/local/include] ==> [/usr/local/include]
  collapse include dir [/usr/include/aarch64-linux-gnu] ==> [/usr/include/aarch64-linux-gnu]
  collapse include dir [/usr/include] ==> [/usr/include]
  implicit include dirs: [/usr/lib/llvm-14/lib/clang/14.0.6/include;/usr/local/include;/usr/include/aarch64-linux-gnu;/usr/include]


Parsed C implicit link information from above output:
  link line regex: [^( *|.*[/\])(ld|CMAKE_LINK_STARTFILE-NOTFOUND|([^/\]+-)?ld|collect2)[^/\]*( |$)]
  ignore line: [Change Dir: /home/jonas/Code2/C++/small_games/pacman/CMakeFiles/CMakeScratch/TryCompile-pbmE33]
  ignore line: []
  ignore line: [Run Build Command(s):/usr/bin/gmake -f Makefile cmTC_df34f/fast && /usr/bin/gmake  -f CMakeFiles/cmTC_df34f.dir/build.make CMakeFiles/cmTC_df34f.dir/build]
  ignore line: [gmake[1]: Entering directory '/home/jonas/Code2/C++/small_games/pacman/CMakeFiles/CMakeScratch/TryCompile-pbmE33']
  ignore line: [Building C object CMakeFiles/cmTC_df34f.dir/CMakeCCompilerABI.c.o]
  ignore line: [/usr/bin/cc   -v -MD -MT CMakeFiles/cmTC_df34f.dir/CMakeCCompilerABI.c.o -MF CMakeFiles/cmTC_df34f.dir/CMakeCCompilerABI.c.o.d -o CMakeFiles/cmTC_df34f.dir/CMakeCCompilerABI.c.o -c /usr/share/cmake-3.25/Modules/CMakeCCompilerABI.c]
  ignore line: [Debian clang version 14.0.6]
  ignore line: [Target: aarch64-unknown-linux-gnu]
  ignore line: [Thread model: posix]
  ignore line: [InstalledDir: /usr/bin]
  ignore line: [Found candidate GCC installation: /usr/bin/../lib/gcc/aarch64-linux-gnu/12]
  ignore line: [Selected GCC installation: /usr/bin/../lib/gcc/aarch64-linux-gnu/12]
  ignore line: [Candidate multilib: .]
  ignore line: [@m64]
  ignore line: [Selected multilib: .]
  ignore line: [@m64]
  ignore line: [ (in-process)]
  ignore line: [ "/usr/lib/llvm-14/bin/clang" -cc1 -triple aarch64-unknown-linux-gnu -emit-obj -mrelax-all --mrelax-relocations -disable-free -clear-ast-before-backend -disable-llvm-verifier -discard-value-names -main-file-name CMakeCCompilerABI.c -mrelocation-model pic -pic-level 2 -pic-is-pie -mframe-pointer=non-leaf -fmath-errno -ffp-contract=on -fno-rounding-math -mconstructor-aliases -funwind-tables=2 -target-cpu generic -target-feature +neon -target-feature +v8a -target-abi aapcs -fallow-half-arguments-and-returns -mllvm -treat-scalable-fixed-error-as-warning -debugger-tuning=gdb -v -fcoverage-compilation-dir=/home/jonas/Code2/C++/small_games/pacman/CMakeFiles/CMakeScratch/TryCompile-pbmE33 -resource-dir /usr/lib/llvm-14/lib/clang/14.0.6 -dependency-file CMakeFiles/cmTC_df34f.dir/CMakeCCompilerABI.c.o.d -MT CMakeFiles/cmTC_df34f.dir/CMakeCCompilerABI.c.o -sys-header-deps -internal-isystem /usr/lib/llvm-14/lib/clang/14.0.6/include -internal-isystem /usr/local/include -internal-isystem /usr/bin/../lib/gcc/aarch64-linux-gnu/12/../../../../aarch64-linux-gnu/include -internal-externc-isystem /usr/include/aarch64-linux-gnu -internal-externc-isystem /include -internal-externc-isystem /usr/include -fdebug-compilation-dir=/home/jonas/Code2/C++/small_games/pacman/CMakeFiles/CMakeScratch/TryCompile-pbmE33 -ferror-limit 19 -fno-signed-char -fgnuc-version=4.2.1 -target-feature +outline-atomics -faddrsig -D__GCC_HAVE_DWARF2_CFI_ASM=1 -o CMakeFiles/cmTC_df34f.dir/CMakeCCompilerABI.c.o -x c /usr/share/cmake-3.25/Modules/CMakeCCompilerABI.c]
  ignore line: [clang -cc1 version 14.0.6 based upon LLVM 14.0.6 default target aarch64-unknown-linux-gnu]
  ignore line: [ignoring nonexistent directory "/usr/bin/../lib/gcc/aarch64-linux-gnu/12/../../../../aarch64-linux-gnu/include"]
  ignore line: [ignoring nonexistent directory "/include"]
  ignore line: [#include "..." search starts here:]
  ignore line: [#include <...> search starts here:]
  ignore line: [ /usr/lib/llvm-14/lib/clang/14.0.6/include]
  ignore line: [ /usr/local/include]
  ignore line: [ /usr/include/aarch64-linux-gnu]
  ignore line: [ /usr/include]
  ignore line: [End of search list.]
  ignore line: [Linking C executable cmTC_df34f]
  ignore line: [/usr/bin/cmake -E cmake_link_script CMakeFiles/cmTC_df34f.dir/link.txt --verbose=1]
  ignore line: [/usr/bin/cc  -v -rdynamic CMakeFiles/cmTC_df34f.dir/CMakeCCompilerABI.c.o -o cmTC_df34f ]
  ignore line: [Debian clang version 14.0.6]
  ignore line: [Target: aarch64-unknown-linux-gnu]
  ignore line: [Thread model: posix]
  ignore line: [InstalledDir: /usr/bin]
  ignore line: [Found candidate GCC installation: /usr/bin/../lib/gcc/aarch64-linux-gnu/12]
  ignore line: [Selected GCC installation: /usr/bin/../lib/gcc/aarch64-linux-gnu/12]
  ignore line: [Candidate multilib: .]
  ignore line: [@m64]
  ignore line: [Selected multilib: .]
  ignore line: [@m64]
  link line: [ "/usr/bin/ld" -pie -export-dynamic -EL --hash-style=both --build-id --eh-frame-hdr -m aarch64linux -export-dynamic -dynamic-linker /lib/ld-linux-aarch64.so.1 -o cmTC_df34f /lib/aarch64-linux-gnu/Scrt1.o /lib/aarch64-linux-gnu/crti.o /usr/bin/../lib/gcc/aarch64-linux-gnu/12/crtbeginS.o -L/usr/bin/../lib/gcc/aarch64-linux-gnu/12 -L/lib/aarch64-linux-gnu -L/usr/lib/aarch64-linux-gnu -L/lib -L/usr/lib CMakeFiles/cmTC_df34f.dir/CMakeCCompilerABI.c.o -lgcc --as-needed -lgcc_s --no-as-needed -lc -lgcc --as-needed -lgcc_s --no-as-needed /usr/bin/../lib/gcc/aarch64-linux-gnu/12/crtendS.o /lib/aarch64-linux-gnu/crtn.o]
    arg [/usr/bin/ld] ==> ignore
    arg [-pie] ==> ignore
    arg [-export-dynamic] ==> ignore
    arg [-EL] ==> ignore
    arg [--hash-style=both] ==> ignore
    arg [--build-id] ==> ignore
    arg [--eh-frame-hdr] ==> ignore
    arg [-m] ==> ignore
    arg [aarch64linux] ==> ignore
    arg [-export-dynamic] ==> ignore
    arg [-dynamic-linker] ==> ignore
    arg [/lib/ld-linux-aarch64.so.1] ==> ignore
    arg [-o] ==> ignore
    arg [cmTC_df34f] ==> ignore
    arg [/lib/aarch64-linux-gnu/Scrt1.o] ==> obj [/lib/aarch64-linux-gnu/Scrt1.o]
    arg [/lib/aarch64-linux-gnu/crti.o] ==> obj [/lib/aarch64-linux-gnu/crti.o]
    arg [/usr/bin/../lib/gcc/aarch64-linux-gnu/12/crtbeginS.o] ==> obj [/usr/bin/../lib/gcc/aarch64-linux-gnu/12/crtbeginS.o]
    arg [-L/usr/bin/../lib/gcc/aarch64-linux-gnu/12] ==> dir [/usr/bin/../lib/gcc/aarch64-linux-gnu/12]
    arg [-L/lib/aarch64-linux-gnu] ==> dir [/lib/aarch64-linux-gnu]
    arg [-L/usr/lib/aarch64-linux-gnu] ==> dir [/usr/lib/aarch64-linux-gnu]
    arg [-L/lib] ==> dir [/lib]
    arg [-L/usr/lib] ==> dir [/usr/lib]
    arg [CMakeFiles/cmTC_df34f.dir/CMakeCCompilerABI.c.o] ==> ignore
    arg [-lgcc] ==> lib [gcc]
    arg [--as-needed] ==> ignore
    arg [-lgcc_s] ==> lib [gcc_s]
    arg [--no-as-needed] ==> ignore
    arg [-lc] ==> lib [c]
    arg [-lgcc] ==> lib [gcc]
    arg [--as-needed] ==> ignore
    arg [-lgcc_s] ==> lib [gcc_s]
    arg [--no-as-needed] ==> ignore
    arg [/usr/bin/../lib/gcc/aarch64-linux-gnu/12/crtendS.o] ==> obj [/usr/bin/../lib/gcc/aarch64-linux-gnu/12/crtendS.o]
    arg [/lib/aarch64-linux-gnu/crtn.o] ==> obj [/lib/aarch64-linux-gnu/crtn.o]
  collapse obj [/usr/bin/../lib/gcc/aarch64-linux-gnu/12/crtbeginS.o] ==> [/usr/lib/gcc/aarch64-linux-gnu/12/crtbeginS.o]
  collapse obj [/usr/bin/../lib/gcc/aarch64-linux-gnu/12/crtendS.o] ==> [/usr/lib/gcc/aarch64-linux-gnu/12/crtendS.o]
  collapse library dir [/usr/bin/../lib/gcc/aarch64-linux-gnu/12] ==> [/usr/lib/gcc/aarch64-linux-gnu/12]
  collapse library dir [/lib/aarch64-linux-gnu] ==> [/lib/aarch64-linux-gnu]
  collapse library dir [/usr/lib/aarch64-linux-gnu] ==> [/usr/lib/aarch64-linux-gnu]
  collapse library dir [/lib] ==> [/lib]
  collapse library dir [/usr/lib] ==> [/usr/lib]
  implicit libs: [gcc;gcc_s;c;gcc;gcc_s]
  implicit objs: [/lib/aarch64-linux-gnu/Scrt1.o;/lib/aarch64-linux-gnu/crti.o;/usr/lib/gcc/aarch64-linux-gnu/12/crtbeginS.o;/usr/lib/gcc/aarch64-linux-gnu/12/crtendS.o;/lib/aarch64-linux-gnu/crtn.o]
  implicit dirs: [/usr/lib/gcc/aarch64-linux-gnu/12;/lib/aarch64-linux-gnu;/usr/lib/aarch64-linux-gnu;/lib;/usr/lib]
  implicit fwks: []


Detecting CXX compiler ABI info compiled with the following output:
Change Dir: /home/jonas/Code2/C++/small_games/pacman/CMakeFiles/CMakeScratch/TryCompile-FoQ2Al

Run Build Command(s):/usr/bin/gmake -f Makefile cmTC_c49bc/fast && /usr/bin/gmake  -f CMakeFiles/cmTC_c49bc.dir/build.make CMakeFiles/cmTC_c49bc.dir/build
gmake[1]: Entering directory '/home/jonas/Code2/C++/small_games/pacman/CMakeFiles/CMakeScratch/TryCompile-FoQ2Al'
Building CXX object CMakeFiles/cmTC_c49bc.dir/CMakeCXXCompilerABI.cpp.o
/usr/bin/c++   -v -MD -MT CMakeFiles/cmTC_c49bc.dir/CMakeCXXCompilerABI.cpp.o -MF CMakeFiles/cmTC_c49bc.dir/CMakeCXXCompilerABI.cpp.o.d -o CMakeFiles/cmTC_c49bc.dir/CMakeCXXCompilerABI.cpp.o -c /usr/share/cmake-3.25/Modules/CMakeCXXCompilerABI.cpp
Debian clang version 14.0.6
Target: aarch64-unknown-linux-gnu
Thread model: posix
InstalledDir: /usr/bin
Found candidate GCC installation: /usr/bin/../lib/gcc/aarch64-linux-gnu/12
Selected GCC installation: /usr/bin/../lib/gcc/aarch64-linux-gnu/12
Candidate multilib: .;@m64
Selected multilib: .;@m64
 (in-process)
 "/usr/lib/llvm-14/bin/clang" -cc1 -triple aarch64-unknown-linux-gnu -emit-obj -mrelax-all --mrelax-relocations -disable-free -clear-ast-before-backend -disable-llvm-verifier -discard-value-names -main-file-name CMakeCXXCompilerABI.cpp -mrelocation-model pic -pic-level 2 -pic-is-pie -mframe-pointer=non-leaf -fmath-errno -ffp-contract=on -fno-rounding-math -mconstructor-aliases -funwind-tables=2 -target-cpu generic -target-feature +neon -target-feature +v8a -target-abi aapcs -fallow-half-arguments-and-returns -mllvm -treat-scalable-fixed-error-as-warning -debugger-tuning=gdb -v -fcoverage-compilation-dir=/home/jonas/Code2/C++/small_games/pacman/CMakeFiles/CMakeScratch/TryCompile-FoQ2Al -resource-dir /usr/lib/llvm-14/lib/clang/14.0.6 -dependency-file CMakeFiles/cmTC_c49bc.dir/CMakeCXXCompilerABI.cpp.o.d -MT CMakeFiles/cmTC_c49bc.dir/CMakeCXXCompilerABI.cpp.o -sys-header-deps -internal-isystem /usr/bin/../lib/gcc/aarch64-linux-gnu/12/../../../../include/c++/12 -internal-isystem /usr/bin/../lib/gcc/aarch64-linux-gnu/12/../../../../include/aarch64-linux-gnu/c++/12 -internal-isystem /usr/bin/../lib/gcc/aarch64-linux-gnu/12/../../../../include/c++/12/backward -internal-isystem /usr/lib/llvm-14/lib/clang/14.0.6/include -internal-isystem /usr/local/include -internal-isystem /usr/bin/../lib/gcc/aarch64-linux-gnu/12/../../../../aarch64-linux-gnu/include -internal-externc-isystem /usr/include/aarch64-linux-gnu -internal-externc-isystem /include -internal-externc-isystem /usr/include -fdeprecated-macro -fdebug-compilation-dir=/home/jonas/Code2/C++/small_games/pacman/CMakeFiles/CMakeScratch/TryCompile-FoQ2Al -ferror-limit 19 -fno-signed-char -fgnuc-version=4.2.1 -fcxx-exceptions -fexceptions -target-feature +outline-atomics -faddrsig -D__GCC_HAVE_DWARF2_CFI_ASM=1 -o CMakeFiles/cmTC_c49bc.dir/CMakeCXXCompilerABI.cpp.o -x c++ /usr/share/cmake-3.25/Modules/CMakeCXXCompilerABI.cpp
clang -cc1 version 14.0.6 based upon LLVM 14.0.6 default target aarch64-unknown-linux-gnu
ignoring nonexistent directory "/usr/bin/../lib/gcc/aarch64-linux-gnu/12/../../../../aarch64-linux-gnu/include"
ignoring nonexistent directory "/include"
#include "..." search starts here:
#include <...> search starts here:
 /usr/bin/../lib/gcc/aarch64-linux-gnu/12/../../../../include/c++/12
 /usr/bin/../lib/gcc/aarch64-linux-gnu/12/../../../../include/aarch64-linux-gnu/c++/12
 /usr/bin/../lib/gcc/aarch64-linux-gnu/12/../../../../include/c++/12/backward
 /usr/lib/llvm-14/lib/clang/14.0.6/include
 /usr/local/include
 /usr/include/aarch64-linux-gnu
 /usr/include
End of search list.
Linking CXX executable cmTC_c49bc
/usr/bin/cmake -E cmake_link_script CMakeFiles/cmTC_c49bc.dir/link.txt --verbose=1
/usr/bin/c++  -v -rdynamic CMakeFiles/cmTC_c49bc.dir/CMakeCXXCompilerABI.cpp.o -o cmTC_c49bc 
Debian clang version 14.0.6
Target: aarch64-unknown-linux-gnu
Thread model: posix
InstalledDir: /usr/bin
Found candidate GCC installation: /usr/bin/../lib/gcc/aarch64-linux-gnu/12
Selected GCC installation: /usr/bin/../lib/gcc/aarch64-linux-gnu/12
Candidate multilib: .;@m64
Selected multilib: .;@m64
 "/usr/bin/ld" -pie -export-dynamic -EL --hash-style=both --build-id --eh-frame-hdr -m aarch64linux -export-dynamic -dynamic-linker /lib/ld-linux-aarch64.so.1 -o cmTC_c49bc /lib/aarch64-linux-gnu/Scrt1.o /lib/aarch64-linux-gnu/crti.o /usr/bin/../lib/gcc/aarch64-linux-gnu/12/crtbeginS.o -L/usr/bin/../lib/gcc/aarch64-linux-gnu/12 -L/lib/aarch64-linux-gnu -L/usr/lib/aarch64-linux-gnu -L/lib -L/usr/lib CMakeFiles/cmTC_c49bc.dir/CMakeCXXCompilerABI.cpp.o -lstdc++ -lm -lgcc_s -lgcc -lc -lgcc_s -lgcc /usr/bin/../lib/gcc/aarch64-linux-gnu/12/crtendS.o /lib/aarch64-linux-gnu/crtn.o
gmake[1]: Leaving directory '/home/jonas/Code2/C++/small_games/pacman/CMakeFiles/CMakeScratch/TryCompile-FoQ2Al'



Parsed CXX implicit include dir info from above output: rv=done
  found start of include info
  found start of implicit include info
    add: [/usr/bin/../lib/gcc/aarch64-linux-gnu/12/../../../../include/c++/12]
    add: [/usr/bin/../lib/gcc/aarch64-linux-gnu/12/../../../../include/aarch64-linux-gnu/c++/12]
    add: [/usr/bin/../lib/gcc/aarch64-linux-gnu/12/../../../../include/c++/12/backward]
    add: [/usr/lib/llvm-14/lib/clang/14.0.6/include]
    add: [/usr/local/include]
    add: [/usr/include/aarch64-linux-gnu]
    add: [/usr/include]
  end of search list found
  collapse include dir [/usr/bin/../lib/gcc/aarch64-linux-gnu/12/../../../../include/c++/12] ==> [/usr/include/c++/12]
  collapse include dir [/usr/bin/../lib/gcc/aarch64-linux-gnu/12/../../../../include/aarch64-linux-gnu/c++/12] ==> [/usr/include/aarch64-linux-gnu/c++/12]
  collapse include dir [/usr/bin/../lib/gcc/aarch64-linux-gnu/12/../../../../include/c++/12/backward] ==> [/usr/include/c++/12/backward]
  collapse include dir [/usr/lib/llvm-14/lib/clang/14.0.6/include] ==> [/usr/lib/llvm-14/lib/clang/14.0.6/include]
  collapse include dir [/usr/local/include] ==> [/usr/local/include]
  collapse include dir [/usr/include/aarch64-linux-gnu] ==> [/usr/include/aarch64-linux-gnu]
  collapse include dir [/usr/include] ==> [/usr/include]
  implicit include dirs: [/usr/include/c++/12;/usr/include/aarch64-linux-gnu/c++/12;/usr/include/c++/12/backward;/usr/lib/llvm-14/lib/clang/14.0.6/include;/usr/local/include;/usr/include/aarch64-linux-gnu;/usr/include]


Parsed CXX implicit link information from above output:
  link line regex: [^( *|.*[/\])(ld|CMAKE_LINK_STARTFILE-NOTFOUND|([^/\]+-)?ld|collect2)[^/\]*( |$)]
  ignore line: [Change Dir: /home/jonas/Code2/C++/small_games/pacman/CMakeFiles/CMakeScratch/TryCompile-FoQ2Al]
  ignore line: []
  ignore line: [Run Build Command(s):/usr/bin/gmake -f Makefile cmTC_c49bc/fast && /usr/bin/gmake  -f CMakeFiles/cmTC_c49bc.dir/build.make CMakeFiles/cmTC_c49bc.dir/build]
  ignore line: [gmake[1]: Entering directory '/home/jonas/Code2/C++/small_games/pacman/CMakeFiles/CMakeScratch/TryCompile-FoQ2Al']
  ignore line: [Building CXX object CMakeFiles/cmTC_c49bc.dir/CMakeCXXCompilerABI.cpp.o]
  ignore line: [/usr/bin/c++   -v -MD -MT CMakeFiles/cmTC_c49bc.dir/CMakeCXXCompilerABI.cpp.o -MF CMakeFiles/cmTC_c49bc.dir/CMakeCXXCompilerABI.cpp.o.d -o CMakeFiles/cmTC_c49bc.dir/CMakeCXXCompilerABI.cpp.o -c /usr/share/cmake-3.25/Modules/CMakeCXXCompilerABI.cpp]
  ignore line: [Debian clang version 14.0.6]
  ignore line: [Target: aarch64-unknown-linux-gnu]
  ignore line: [Thread model: posix]
  ignore line: [InstalledDir: /usr/bin]
  ignore line: [Found candidate GCC installation: /usr/bin/../lib/gcc/aarch64-linux-gnu/12]
  ignore line: [Selected GCC installation: /usr/bin/../lib/gcc/aarch64-linux-gnu/12]
  ignore line: [Candidate multilib: .]
  ignore line: [@m64]
  ignore line: [Selected multilib: .]
  ignore line: [@m64]
  ignore line: [ (in-process)]
  ignore line: [ "/usr/lib/llvm-14/bin/clang" -cc1 -triple aarch64-unknown-linux-gnu -emit-obj -mrelax-all --mrelax-relocations -disable-free -clear-ast-before-backend -disable-llvm-verifier -discard-value-names -main-file-name CMakeCXXCompilerABI.cpp -mrelocation-model pic -pic-level 2 -pic-is-pie -mframe-pointer=non-leaf -fmath-errno -ffp-contract=on -fno-rounding-math -mconstructor-aliases -funwind-tables=2 -target-cpu generic -target-feature +neon -target-feature +v8a -target-abi aapcs -fallow-half-arguments-and-returns -mllvm -treat-scalable-fixed-error-as-warning -debugger-tuning=gdb -v -fcoverage-compilation-dir=/home/jonas/Code2/C++/small_games/pacman/CMakeFiles/CMakeScratch/TryCompile-FoQ2Al -resource-dir /usr/lib/llvm-14/lib/clang/14.0.6 -dependency-file CMakeFiles/cmTC_c49bc.dir/CMakeCXXCompilerABI.cpp.o.d -MT CMakeFiles/cmTC_c49bc.dir/CMakeCXXCompilerABI.cpp.o -sys-header-deps -internal-isystem /usr/bin/../lib/gcc/aarch64-linux-gnu/12/../../../../include/c++/12 -internal-isystem /usr/bin/../lib/gcc/aarch64-linux-gnu/12/../../../../include/aarch64-linux-gnu/c++/12 -internal-isystem /usr/bin/../lib/gcc/aarch64-linux-gnu/12/../../../../include/c++/12/backward -internal-isystem /usr/lib/llvm-14/lib/clang/14.0.6/include -internal-isystem /usr/local/include -internal-isystem /usr/bin/../lib/gcc/aarch64-linux-gnu/12/../../../../aarch64-linux-gnu/include -internal-externc-isystem /usr/include/aarch64-linux-gnu -internal-externc-isystem /include -internal-externc-isystem /usr/include -fdeprecated-macro -fdebug-compilation-dir=/home/jonas/Code2/C++/small_games/pacman/CMakeFiles/CMakeScratch/TryCompile-FoQ2Al -ferror-limit 19 -fno-signed-char -fgnuc-version=4.2.1 -fcxx-exceptions -fexceptions -target-feature +outline-atomics -faddrsig -D__GCC_HAVE_DWARF2_CFI_ASM=1 -o CMakeFiles/cmTC_c49bc.dir/CMakeCXXCompilerABI.cpp.o -x c++ /usr/share/cmake-3.25/Modules/CMakeCXXCompilerABI.cpp]
  ignore line: [clang -cc1 version 14.0.6 based upon LLVM 14.0.6 default target aarch64-unknown-linux-gnu]
  ignore line: [ignoring nonexistent directory "/usr/bin/../lib/gcc/aarch64-linux-gnu/12/../../../../aarch64-linux-gnu/include"]
  ignore line: [ignoring nonexistent directory "/include"]
  ignore line: [#include "..." search starts here:]
  ignore line: [#include <...> search starts here:]
  ignore line: [ /usr/bin/../lib/gcc/aarch64-linux-gnu/12/../../../../include/c++/12]
  ignore line: [ /usr/bin/../lib/gcc/aarch64-linux-gnu/12/../../../../include/aarch64-linux-gnu/c++/12]
  ignore line: [ /usr/bin/../lib/gcc/aarch64-linux-gnu/12/../../../../include/c++/12/backward]
  ignore line: [ /usr/lib/llvm-14/lib/clang/14.0.6/include]
  ignore line: [ /usr/local/include]
  ignore line: [ /usr/include/aarch64-linux-gnu]
  ignore line: [ /usr/include]
  ignore line: [End of search list.]
  ignore line: [Linking CXX executable cmTC_c49bc]
  ignore line: [/usr/bin/cmake -E cmake_link_script CMakeFiles/cmTC_c49bc.dir/link.txt --verbose=1]
  ignore line: [/usr/bin/c++  -v -rdynamic CMakeFiles/cmTC_c49bc.dir/CMakeCXXCompilerABI.cpp.o -o cmTC_c49bc ]
  ignore line: [Debian clang version 14.0.6]
  ignore line: [Target: aarch64-unknown-linux-gnu]
  ignore line: [Thread model: posix]
  ignore line: [InstalledDir: /usr/bin]
  ignore line: [Found candidate GCC installation: /usr/bin/../lib/gcc/aarch64-linux-gnu/12]
  ignore line: [Selected GCC installation: /usr/bin/../lib/gcc/aarch64-linux-gnu/12]
  ignore line: [Candidate multilib: .]
  ignore line: [@m64]
  ignore line: [Selected multilib: .]
  ignore line: [@m64]
  link line: [ "/usr/bin/ld" -pie -export-dynamic -EL --hash-style=both --build-id --eh-frame-hdr -m aarch64linux -export-dynamic -dynamic-linker /lib/ld-linux-aarch64.so.1 -o cmTC_c49bc /lib/aarch64-linux-gnu/Scrt1.o /lib/aarch64-linux-gnu/crti.o /usr/bin/../lib/gcc/aarch64-linux-gnu/12/crtbeginS.o -L/usr/bin/../lib/gcc/aarch64-linux-gnu/12 -L/lib/aarch64-linux-gnu -L/usr/lib/aarch64-linux-gnu -L/lib -L/usr/lib CMakeFiles/cmTC_c49bc.dir/CMakeCXXCompilerABI.cpp.o -lstdc++ -lm -lgcc_s -lgcc -lc -lgcc_s -lgcc /usr/bin/../lib/gcc/aarch64-linux-gnu/12/crtendS.o /lib/aarch64-linux-gnu/crtn.o]
    arg [/usr/bin/ld] ==> ignore
    arg [-pie] ==> ignore
    arg [-export-dynamic] ==> ignore
    arg [-EL] ==> ignore
    arg [--hash-style=both] ==> ignore
    arg [--build-id] ==> ignore
    arg [--eh-frame-hdr] ==> ignore
    arg [-m] ==> ignore
    arg [aarch64linux] ==> ignore
    arg [-export-dynamic] ==> ignore
    arg [-dynamic-linker] ==> ignore
    arg [/lib/ld-linux-aarch64.so.1] ==> ignore
    arg [-o] ==> ignore
    arg [cmTC_c49bc] ==> ignore
    arg [/lib/aarch64-linux-gnu/Scrt1.o] ==> obj [/lib/aarch64-linux-gnu/Scrt1.o]
    arg [/lib/aarch64-linux-gnu/crti.o] ==> obj [/lib/aarch64-linux-gnu/crti.o]
    arg [/usr/bin/../lib/gcc/aarch64-linux-gnu/12/crtbeginS.o] ==> obj [/usr/bin/../lib/gcc/aarch64-linux-gnu/12/crtbeginS.o]
    arg [-L/usr/bin/../lib/gcc/aarch64-linux-gnu/12] ==> dir [/usr/bin/../lib/gcc/aarch64-linux-gnu/12]
    arg [-L/lib/aarch64-linux-gnu] ==> dir [/lib/aarch64-linux-gnu]
    arg [-L/usr/lib/aarch64-linux-gnu] ==> dir [/usr/lib/aarch64-linux-gnu]
    arg [-L/lib] ==> dir [/lib]
    arg [-L/usr/lib] ==> dir [/usr/lib]
    arg [CMakeFiles/cmTC_c49bc.dir/CMakeCXXCompilerABI.cpp.o] ==> ignore
    arg [-lstdc++] ==> lib [stdc++]
    arg [-lm] ==> lib [m]
    arg [-lgcc_s] ==> lib [gcc_s]
    arg [-lgcc] ==> lib [gcc]
    arg [-lc] ==> lib [c]
    arg [-lgcc_s] ==> lib [gcc_s]
    arg [-lgcc] ==> lib [gcc]
    arg [/usr/bin/../lib/gcc/aarch64-linux-gnu/12/crtendS.o] ==> obj [/usr/bin/../lib/gcc/aarch64-linux-gnu/12/crtendS.o]
    arg [/lib/aarch64-linux-gnu/crtn.o] ==> obj [/lib/aarch64-linux-gnu/crtn.o]
  collapse obj [/usr/bin/../lib/gcc/aarch64-linux-gnu/12/crtbeginS.o] ==> [/usr/lib/gcc/aarch64-linux-gnu/12/crtbeginS.o]
  collapse obj [/usr/bin/../lib/gcc/aarch64-linux-gnu/12/crtendS.o] ==> [/usr/lib/gcc/aarch64-linux-gnu/12/crtendS.o]
  collapse library dir [/usr/bin/../lib/gcc/aarch64-linux-gnu/12] ==> [/usr/lib/gcc/aarch64-linux-gnu/12]
  collapse library dir [/lib/aarch64-linux-gnu] ==> [/lib/aarch64-linux-gnu]
  collapse library dir [/usr/lib/aarch64-linux-gnu] ==> [/usr/lib/aarch64-linux-gnu]
  collapse library dir [/lib] ==> [/lib]
  collapse library dir [/usr/lib] ==> [/usr/lib]
  implicit libs: [stdc++;m;gcc_s;gcc;c;gcc_s;gcc]
  implicit objs: [/lib/aarch64-linux-gnu/Scrt1.o;/lib/aarch64-linux-gnu/crti.o;/usr/lib/gcc/aarch64-linux-gnu/12/crtbeginS.o;/usr/lib/gcc/aarch64-linux-gnu/12/crtendS.o;/lib/aarch64-linux-gnu/crtn.o]
  implicit dirs: [/usr/lib/gcc/aarch64-linux-gnu/12;/lib/aarch64-linux-gnu;/usr/lib/aarch64-linux-gnu;/lib;/usr/lib]
  implicit fwks: []


Performing C SOURCE FILE Test CMAKE_HAVE_LIBC_PTHREAD succeeded with the following output:
Change Dir: /home/jonas/Code2/C++/small_games/pacman/CMakeFiles/CMakeScratch/TryCompile-fmZtdO

Run Build Command(s):/usr/bin/gmake -f Makefile cmTC_33713/fast && /usr/bin/gmake  -f CMakeFiles/cmTC_33713.dir/build.make CMakeFiles/cmTC_33713.dir/build
gmake[1]: Entering directory '/home/jonas/Code2/C++/small_games/pacman/CMakeFiles/CMakeScratch/TryCompile-fmZtdO'
Building C object CMakeFiles/cmTC_33713.dir/src.c.o
/usr/bin/cc -DCMAKE_HAVE_LIBC_PTHREAD   -MD -MT CMakeFiles/cmTC_33713.dir/src.c.o -MF CMakeFiles/cmTC_33713.dir/src.c.o.d -o CMakeFiles/cmTC_33713.dir/src.c.o -c /home/jonas/Code2/C++/small_games/pacman/CMakeFiles/CMakeScratch/TryCompile-fmZtdO/src.c
Linking C executable cmTC_33713
/usr/bin/cmake -E cmake_link_script CMakeFiles/cmTC_33713.dir/link.txt --verbose=1
/usr/bin/cc -rdynamic CMakeFiles/cmTC_33713.dir/src.c.o -o cmTC_33713 
gmake[1]: Leaving directory '/home/jonas/Code2/C++/small_games/pacman/CMakeFiles/CMakeScratch/TryCompile-fmZtdO'


Source file was:
#include <pthread.h>

static void* test_func(void* data)
{
  return data;
}

int main(void)
{
  pthread_t thread;
  pthread_create(&thread, NULL, test_func, NULL);
  pthread_detach(thread);
  pthread_cancel(thread);
  pthread_join(thread, NULL);
  pthread_atfork(NULL, NULL, NULL);
  pthread_exit(NULL);

  return 0;
}


